app/build/intermediates/manifest_merge_blame_file/debug/processDebugMainManifest/manifest-merger-blame-debug-report.txt
1<?xml version="1.0" encoding="utf-8"?>
2<manifest xmlns:android="http://schemas.android.com/apk/res/android"
3    package="com.oink.app"
4    android:versionCode="1"
5    android:versionName="1.0.0" >
6
7    <uses-sdk
8        android:minSdkVersion="26"
9        android:targetSdkVersion="35" />
10
11    <!-- Notification permission (required for Android 13+) -->
12    <uses-permission android:name="android.permission.POST_NOTIFICATIONS" />
12-->src/main/AndroidManifest.xml:6:5-77
12-->src/main/AndroidManifest.xml:6:22-74
13
14    <!-- For scheduling exact alarms for reminders -->
15    <uses-permission android:name="android.permission.SCHEDULE_EXACT_ALARM" />
15-->src/main/AndroidManifest.xml:9:5-79
15-->src/main/AndroidManifest.xml:9:22-76
16
17    <!-- To reschedule reminders after device reboot -->
18    <uses-permission android:name="android.permission.RECEIVE_BOOT_COMPLETED" />
18-->src/main/AndroidManifest.xml:12:5-81
18-->src/main/AndroidManifest.xml:12:22-78
19    <uses-permission android:name="android.permission.WAKE_LOCK" />
19-->[androidx.work:work-runtime:2.9.1] AndroidManifest.xml:23:5-68
19-->[androidx.work:work-runtime:2.9.1] AndroidManifest.xml:23:22-65
20    <uses-permission android:name="android.permission.ACCESS_NETWORK_STATE" />
20-->[androidx.work:work-runtime:2.9.1] AndroidManifest.xml:24:5-79
20-->[androidx.work:work-runtime:2.9.1] AndroidManifest.xml:24:22-76
21    <uses-permission android:name="android.permission.FOREGROUND_SERVICE" />
21-->[androidx.work:work-runtime:2.9.1] AndroidManifest.xml:26:5-77
21-->[androidx.work:work-runtime:2.9.1] AndroidManifest.xml:26:22-74
22
23    <permission
23-->[androidx.core:core:1.15.0] AndroidManifest.xml:22:5-24:47
24        android:name="com.oink.app.DYNAMIC_RECEIVER_NOT_EXPORTED_PERMISSION"
24-->[androidx.core:core:1.15.0] AndroidManifest.xml:23:9-81
25        android:protectionLevel="signature" />
25-->[androidx.core:core:1.15.0] AndroidManifest.xml:24:9-44
26
27    <uses-permission android:name="com.oink.app.DYNAMIC_RECEIVER_NOT_EXPORTED_PERMISSION" />
27-->[androidx.core:core:1.15.0] AndroidManifest.xml:26:5-97
27-->[androidx.core:core:1.15.0] AndroidManifest.xml:26:22-94
28
29    <application
29-->src/main/AndroidManifest.xml:14:5-47:19
30        android:name="com.oink.app.OinkApplication"
30-->src/main/AndroidManifest.xml:15:9-40
31        android:allowBackup="true"
31-->src/main/AndroidManifest.xml:16:9-35
32        android:appComponentFactory="androidx.core.app.CoreComponentFactory"
32-->[androidx.core:core:1.15.0] AndroidManifest.xml:28:18-86
33        android:dataExtractionRules="@xml/data_extraction_rules"
33-->src/main/AndroidManifest.xml:17:9-65
34        android:debuggable="true"
35        android:extractNativeLibs="false"
36        android:fullBackupContent="@xml/backup_rules"
36-->src/main/AndroidManifest.xml:18:9-54
37        android:icon="@mipmap/ic_launcher"
37-->src/main/AndroidManifest.xml:19:9-43
38        android:label="@string/app_name"
38-->src/main/AndroidManifest.xml:20:9-41
39        android:roundIcon="@mipmap/ic_launcher_round"
39-->src/main/AndroidManifest.xml:21:9-54
40        android:supportsRtl="true"
40-->src/main/AndroidManifest.xml:22:9-35
41        android:testOnly="true"
42        android:theme="@style/Theme.Oink" >
42-->src/main/AndroidManifest.xml:23:9-42
43        <activity
43-->src/main/AndroidManifest.xml:26:9-34:20
44            android:name="com.oink.app.MainActivity"
44-->src/main/AndroidManifest.xml:27:13-41
45            android:exported="true"
45-->src/main/AndroidManifest.xml:28:13-36
46            android:theme="@style/Theme.Oink" >
46-->src/main/AndroidManifest.xml:29:13-46
47            <intent-filter>
47-->src/main/AndroidManifest.xml:30:13-33:29
48                <action android:name="android.intent.action.MAIN" />
48-->src/main/AndroidManifest.xml:31:17-69
48-->src/main/AndroidManifest.xml:31:25-66
49
50                <category android:name="android.intent.category.LAUNCHER" />
50-->src/main/AndroidManifest.xml:32:17-77
50-->src/main/AndroidManifest.xml:32:27-74
51            </intent-filter>
52        </activity>
53
54        <!-- Home screen widget -->
55        <receiver
55-->src/main/AndroidManifest.xml:37:9-46:20
56            android:name="com.oink.app.widget.OinkWidgetReceiver"
56-->src/main/AndroidManifest.xml:38:13-54
57            android:exported="true" >
57-->src/main/AndroidManifest.xml:39:13-36
58            <intent-filter>
58-->src/main/AndroidManifest.xml:40:13-42:29
59                <action android:name="android.appwidget.action.APPWIDGET_UPDATE" />
59-->src/main/AndroidManifest.xml:41:17-84
59-->src/main/AndroidManifest.xml:41:25-81
60            </intent-filter>
61
62            <meta-data
62-->src/main/AndroidManifest.xml:43:13-45:60
63                android:name="android.appwidget.provider"
63-->src/main/AndroidManifest.xml:44:17-58
64                android:resource="@xml/oink_widget_info" />
64-->src/main/AndroidManifest.xml:45:17-57
65        </receiver>
66
67        <activity
67-->[androidx.glance:glance-appwidget:1.1.1] AndroidManifest.xml:23:9-28:62
68            android:name="androidx.glance.appwidget.action.ActionTrampolineActivity"
68-->[androidx.glance:glance-appwidget:1.1.1] AndroidManifest.xml:24:13-85
69            android:enabled="true"
69-->[androidx.glance:glance-appwidget:1.1.1] AndroidManifest.xml:25:13-35
70            android:excludeFromRecents="true"
70-->[androidx.glance:glance-appwidget:1.1.1] AndroidManifest.xml:26:13-46
71            android:exported="false"
71-->[androidx.glance:glance-appwidget:1.1.1] AndroidManifest.xml:27:13-37
72            android:theme="@android:style/Theme.NoDisplay" />
72-->[androidx.glance:glance-appwidget:1.1.1] AndroidManifest.xml:28:13-59
73        <activity
73-->[androidx.glance:glance-appwidget:1.1.1] AndroidManifest.xml:29:9-36:81
74            android:name="androidx.glance.appwidget.action.InvisibleActionTrampolineActivity"
74-->[androidx.glance:glance-appwidget:1.1.1] AndroidManifest.xml:30:13-94
75            android:enabled="true"
75-->[androidx.glance:glance-appwidget:1.1.1] AndroidManifest.xml:31:13-35
76            android:exported="false"
76-->[androidx.glance:glance-appwidget:1.1.1] AndroidManifest.xml:32:13-37
77            android:launchMode="singleInstance"
77-->[androidx.glance:glance-appwidget:1.1.1] AndroidManifest.xml:33:13-48
78            android:noHistory="true"
78-->[androidx.glance:glance-appwidget:1.1.1] AndroidManifest.xml:34:13-37
79            android:taskAffinity="androidx.glance.appwidget.ListAdapterCallbackTrampoline"
79-->[androidx.glance:glance-appwidget:1.1.1] AndroidManifest.xml:35:13-91
80            android:theme="@style/Widget.Glance.AppWidget.CallbackTrampoline" />
80-->[androidx.glance:glance-appwidget:1.1.1] AndroidManifest.xml:36:13-78
81
82        <receiver
82-->[androidx.glance:glance-appwidget:1.1.1] AndroidManifest.xml:38:9-41:40
83            android:name="androidx.glance.appwidget.action.ActionCallbackBroadcastReceiver"
83-->[androidx.glance:glance-appwidget:1.1.1] AndroidManifest.xml:39:13-92
84            android:enabled="true"
84-->[androidx.glance:glance-appwidget:1.1.1] AndroidManifest.xml:40:13-35
85            android:exported="false" />
85-->[androidx.glance:glance-appwidget:1.1.1] AndroidManifest.xml:41:13-37
86        <receiver
86-->[androidx.glance:glance-appwidget:1.1.1] AndroidManifest.xml:42:9-45:40
87            android:name="androidx.glance.appwidget.UnmanagedSessionReceiver"
87-->[androidx.glance:glance-appwidget:1.1.1] AndroidManifest.xml:43:13-78
88            android:enabled="true"
88-->[androidx.glance:glance-appwidget:1.1.1] AndroidManifest.xml:44:13-35
89            android:exported="false" />
89-->[androidx.glance:glance-appwidget:1.1.1] AndroidManifest.xml:45:13-37
90        <receiver
90-->[androidx.glance:glance-appwidget:1.1.1] AndroidManifest.xml:46:9-53:20
91            android:name="androidx.glance.appwidget.MyPackageReplacedReceiver"
91-->[androidx.glance:glance-appwidget:1.1.1] AndroidManifest.xml:47:13-79
92            android:enabled="true"
92-->[androidx.glance:glance-appwidget:1.1.1] AndroidManifest.xml:48:13-35
93            android:exported="false" >
93-->[androidx.glance:glance-appwidget:1.1.1] AndroidManifest.xml:49:13-37
94            <intent-filter>
94-->[androidx.glance:glance-appwidget:1.1.1] AndroidManifest.xml:50:13-52:29
95                <action android:name="android.intent.action.MY_PACKAGE_REPLACED" />
95-->[androidx.glance:glance-appwidget:1.1.1] AndroidManifest.xml:51:17-84
95-->[androidx.glance:glance-appwidget:1.1.1] AndroidManifest.xml:51:25-81
96            </intent-filter>
97        </receiver>
98
99        <service
99-->[androidx.glance:glance-appwidget:1.1.1] AndroidManifest.xml:55:9-58:72
100            android:name="androidx.glance.appwidget.GlanceRemoteViewsService"
100-->[androidx.glance:glance-appwidget:1.1.1] AndroidManifest.xml:56:13-78
101            android:exported="true"
101-->[androidx.glance:glance-appwidget:1.1.1] AndroidManifest.xml:57:13-36
102            android:permission="android.permission.BIND_REMOTEVIEWS" />
102-->[androidx.glance:glance-appwidget:1.1.1] AndroidManifest.xml:58:13-69
103
104        <provider
104-->[androidx.work:work-runtime:2.9.1] AndroidManifest.xml:29:9-37:20
105            android:name="androidx.startup.InitializationProvider"
105-->[androidx.work:work-runtime:2.9.1] AndroidManifest.xml:30:13-67
106            android:authorities="com.oink.app.androidx-startup"
106-->[androidx.work:work-runtime:2.9.1] AndroidManifest.xml:31:13-68
107            android:exported="false" >
107-->[androidx.work:work-runtime:2.9.1] AndroidManifest.xml:32:13-37
108            <meta-data
108-->[androidx.work:work-runtime:2.9.1] AndroidManifest.xml:34:13-36:52
109                android:name="androidx.work.WorkManagerInitializer"
109-->[androidx.work:work-runtime:2.9.1] AndroidManifest.xml:35:17-68
110                android:value="androidx.startup" />
110-->[androidx.work:work-runtime:2.9.1] AndroidManifest.xml:36:17-49
111            <meta-data
111-->[androidx.emoji2:emoji2:1.3.0] AndroidManifest.xml:29:13-31:52
112                android:name="androidx.emoji2.text.EmojiCompatInitializer"
112-->[androidx.emoji2:emoji2:1.3.0] AndroidManifest.xml:30:17-75
113                android:value="androidx.startup" />
113-->[androidx.emoji2:emoji2:1.3.0] AndroidManifest.xml:31:17-49
114            <meta-data
114-->[androidx.lifecycle:lifecycle-process:2.8.7] AndroidManifest.xml:29:13-31:52
115                android:name="androidx.lifecycle.ProcessLifecycleInitializer"
115-->[androidx.lifecycle:lifecycle-process:2.8.7] AndroidManifest.xml:30:17-78
116                android:value="androidx.startup" />
116-->[androidx.lifecycle:lifecycle-process:2.8.7] AndroidManifest.xml:31:17-49
117            <meta-data
117-->[androidx.profileinstaller:profileinstaller:1.3.1] AndroidManifest.xml:29:13-31:52
118                android:name="androidx.profileinstaller.ProfileInstallerInitializer"
118-->[androidx.profileinstaller:profileinstaller:1.3.1] AndroidManifest.xml:30:17-85
119                android:value="androidx.startup" />
119-->[androidx.profileinstaller:profileinstaller:1.3.1] AndroidManifest.xml:31:17-49
120        </provider>
121
122        <service
122-->[androidx.work:work-runtime:2.9.1] AndroidManifest.xml:39:9-45:35
123            android:name="androidx.work.impl.background.systemalarm.SystemAlarmService"
123-->[androidx.work:work-runtime:2.9.1] AndroidManifest.xml:40:13-88
124            android:directBootAware="false"
124-->[androidx.work:work-runtime:2.9.1] AndroidManifest.xml:41:13-44
125            android:enabled="@bool/enable_system_alarm_service_default"
125-->[androidx.work:work-runtime:2.9.1] AndroidManifest.xml:42:13-72
126            android:exported="false" />
126-->[androidx.work:work-runtime:2.9.1] AndroidManifest.xml:43:13-37
127        <service
127-->[androidx.work:work-runtime:2.9.1] AndroidManifest.xml:46:9-52:35
128            android:name="androidx.work.impl.background.systemjob.SystemJobService"
128-->[androidx.work:work-runtime:2.9.1] AndroidManifest.xml:47:13-84
129            android:directBootAware="false"
129-->[androidx.work:work-runtime:2.9.1] AndroidManifest.xml:48:13-44
130            android:enabled="@bool/enable_system_job_service_default"
130-->[androidx.work:work-runtime:2.9.1] AndroidManifest.xml:49:13-70
131            android:exported="true"
131-->[androidx.work:work-runtime:2.9.1] AndroidManifest.xml:50:13-36
132            android:permission="android.permission.BIND_JOB_SERVICE" />
132-->[androidx.work:work-runtime:2.9.1] AndroidManifest.xml:51:13-69
133        <service
133-->[androidx.work:work-runtime:2.9.1] AndroidManifest.xml:53:9-59:35
134            android:name="androidx.work.impl.foreground.SystemForegroundService"
134-->[androidx.work:work-runtime:2.9.1] AndroidManifest.xml:54:13-81
135            android:directBootAware="false"
135-->[androidx.work:work-runtime:2.9.1] AndroidManifest.xml:55:13-44
136            android:enabled="@bool/enable_system_foreground_service_default"
136-->[androidx.work:work-runtime:2.9.1] AndroidManifest.xml:56:13-77
137            android:exported="false" />
137-->[androidx.work:work-runtime:2.9.1] AndroidManifest.xml:57:13-37
138
139        <receiver
139-->[androidx.work:work-runtime:2.9.1] AndroidManifest.xml:61:9-66:35
140            android:name="androidx.work.impl.utils.ForceStopRunnable$BroadcastReceiver"
140-->[androidx.work:work-runtime:2.9.1] AndroidManifest.xml:62:13-88
141            android:directBootAware="false"
141-->[androidx.work:work-runtime:2.9.1] AndroidManifest.xml:63:13-44
142            android:enabled="true"
142-->[androidx.work:work-runtime:2.9.1] AndroidManifest.xml:64:13-35
143            android:exported="false" />
143-->[androidx.work:work-runtime:2.9.1] AndroidManifest.xml:65:13-37
144        <receiver
144-->[androidx.work:work-runtime:2.9.1] AndroidManifest.xml:67:9-77:20
145            android:name="androidx.work.impl.background.systemalarm.ConstraintProxy$BatteryChargingProxy"
145-->[androidx.work:work-runtime:2.9.1] AndroidManifest.xml:68:13-106
146            android:directBootAware="false"
146-->[androidx.work:work-runtime:2.9.1] AndroidManifest.xml:69:13-44
147            android:enabled="false"
147-->[androidx.work:work-runtime:2.9.1] AndroidManifest.xml:70:13-36
148            android:exported="false" >
148-->[androidx.work:work-runtime:2.9.1] AndroidManifest.xml:71:13-37
149            <intent-filter>
149-->[androidx.work:work-runtime:2.9.1] AndroidManifest.xml:73:13-76:29
150                <action android:name="android.intent.action.ACTION_POWER_CONNECTED" />
150-->[androidx.work:work-runtime:2.9.1] AndroidManifest.xml:74:17-87
150-->[androidx.work:work-runtime:2.9.1] AndroidManifest.xml:74:25-84
151                <action android:name="android.intent.action.ACTION_POWER_DISCONNECTED" />
151-->[androidx.work:work-runtime:2.9.1] AndroidManifest.xml:75:17-90
151-->[androidx.work:work-runtime:2.9.1] AndroidManifest.xml:75:25-87
152            </intent-filter>
153        </receiver>
154        <receiver
154-->[androidx.work:work-runtime:2.9.1] AndroidManifest.xml:78:9-88:20
155            android:name="androidx.work.impl.background.systemalarm.ConstraintProxy$BatteryNotLowProxy"
155-->[androidx.work:work-runtime:2.9.1] AndroidManifest.xml:79:13-104
156            android:directBootAware="false"
156-->[androidx.work:work-runtime:2.9.1] AndroidManifest.xml:80:13-44
157            android:enabled="false"
157-->[androidx.work:work-runtime:2.9.1] AndroidManifest.xml:81:13-36
158            android:exported="false" >
158-->[androidx.work:work-runtime:2.9.1] AndroidManifest.xml:82:13-37
159            <intent-filter>
159-->[androidx.work:work-runtime:2.9.1] AndroidManifest.xml:84:13-87:29
160                <action android:name="android.intent.action.BATTERY_OKAY" />
160-->[androidx.work:work-runtime:2.9.1] AndroidManifest.xml:85:17-77
160-->[androidx.work:work-runtime:2.9.1] AndroidManifest.xml:85:25-74
161                <action android:name="android.intent.action.BATTERY_LOW" />
161-->[androidx.work:work-runtime:2.9.1] AndroidManifest.xml:86:17-76
161-->[androidx.work:work-runtime:2.9.1] AndroidManifest.xml:86:25-73
162            </intent-filter>
163        </receiver>
164        <receiver
164-->[androidx.work:work-runtime:2.9.1] AndroidManifest.xml:89:9-99:20
165            android:name="androidx.work.impl.background.systemalarm.ConstraintProxy$StorageNotLowProxy"
165-->[androidx.work:work-runtime:2.9.1] AndroidManifest.xml:90:13-104
166            android:directBootAware="false"
166-->[androidx.work:work-runtime:2.9.1] AndroidManifest.xml:91:13-44
167            android:enabled="false"
167-->[androidx.work:work-runtime:2.9.1] AndroidManifest.xml:92:13-36
168            android:exported="false" >
168-->[androidx.work:work-runtime:2.9.1] AndroidManifest.xml:93:13-37
169            <intent-filter>
169-->[androidx.work:work-runtime:2.9.1] AndroidManifest.xml:95:13-98:29
170                <action android:name="android.intent.action.DEVICE_STORAGE_LOW" />
170-->[androidx.work:work-runtime:2.9.1] AndroidManifest.xml:96:17-83
170-->[androidx.work:work-runtime:2.9.1] AndroidManifest.xml:96:25-80
171                <action android:name="android.intent.action.DEVICE_STORAGE_OK" />
171-->[androidx.work:work-runtime:2.9.1] AndroidManifest.xml:97:17-82
171-->[androidx.work:work-runtime:2.9.1] AndroidManifest.xml:97:25-79
172            </intent-filter>
173        </receiver>
174        <receiver
174-->[androidx.work:work-runtime:2.9.1] AndroidManifest.xml:100:9-109:20
175            android:name="androidx.work.impl.background.systemalarm.ConstraintProxy$NetworkStateProxy"
175-->[androidx.work:work-runtime:2.9.1] AndroidManifest.xml:101:13-103
176            android:directBootAware="false"
176-->[androidx.work:work-runtime:2.9.1] AndroidManifest.xml:102:13-44
177            android:enabled="false"
177-->[androidx.work:work-runtime:2.9.1] AndroidManifest.xml:103:13-36
178            android:exported="false" >
178-->[androidx.work:work-runtime:2.9.1] AndroidManifest.xml:104:13-37
179            <intent-filter>
179-->[androidx.work:work-runtime:2.9.1] AndroidManifest.xml:106:13-108:29
180                <action android:name="android.net.conn.CONNECTIVITY_CHANGE" />
180-->[androidx.work:work-runtime:2.9.1] AndroidManifest.xml:107:17-79
180-->[androidx.work:work-runtime:2.9.1] AndroidManifest.xml:107:25-76
181            </intent-filter>
182        </receiver>
183        <receiver
183-->[androidx.work:work-runtime:2.9.1] AndroidManifest.xml:110:9-121:20
184            android:name="androidx.work.impl.background.systemalarm.RescheduleReceiver"
184-->[androidx.work:work-runtime:2.9.1] AndroidManifest.xml:111:13-88
185            android:directBootAware="false"
185-->[androidx.work:work-runtime:2.9.1] AndroidManifest.xml:112:13-44
186            android:enabled="false"
186-->[androidx.work:work-runtime:2.9.1] AndroidManifest.xml:113:13-36
187            android:exported="false" >
187-->[androidx.work:work-runtime:2.9.1] AndroidManifest.xml:114:13-37
188            <intent-filter>
188-->[androidx.work:work-runtime:2.9.1] AndroidManifest.xml:116:13-120:29
189                <action android:name="android.intent.action.BOOT_COMPLETED" />
189-->[androidx.work:work-runtime:2.9.1] AndroidManifest.xml:117:17-79
189-->[androidx.work:work-runtime:2.9.1] AndroidManifest.xml:117:25-76
190                <action android:name="android.intent.action.TIME_SET" />
190-->[androidx.work:work-runtime:2.9.1] AndroidManifest.xml:118:17-73
190-->[androidx.work:work-runtime:2.9.1] AndroidManifest.xml:118:25-70
191                <action android:name="android.intent.action.TIMEZONE_CHANGED" />
191-->[androidx.work:work-runtime:2.9.1] AndroidManifest.xml:119:17-81
191-->[androidx.work:work-runtime:2.9.1] AndroidManifest.xml:119:25-78
192            </intent-filter>
193        </receiver>
194        <receiver
194-->[androidx.work:work-runtime:2.9.1] AndroidManifest.xml:122:9-131:20
195            android:name="androidx.work.impl.background.systemalarm.ConstraintProxyUpdateReceiver"
195-->[androidx.work:work-runtime:2.9.1] AndroidManifest.xml:123:13-99
196            android:directBootAware="false"
196-->[androidx.work:work-runtime:2.9.1] AndroidManifest.xml:124:13-44
197            android:enabled="@bool/enable_system_alarm_service_default"
197-->[androidx.work:work-runtime:2.9.1] AndroidManifest.xml:125:13-72
198            android:exported="false" >
198-->[androidx.work:work-runtime:2.9.1] AndroidManifest.xml:126:13-37
199            <intent-filter>
199-->[androidx.work:work-runtime:2.9.1] AndroidManifest.xml:128:13-130:29
200                <action android:name="androidx.work.impl.background.systemalarm.UpdateProxies" />
200-->[androidx.work:work-runtime:2.9.1] AndroidManifest.xml:129:17-98
200-->[androidx.work:work-runtime:2.9.1] AndroidManifest.xml:129:25-95
201            </intent-filter>
202        </receiver>
203        <receiver
203-->[androidx.work:work-runtime:2.9.1] AndroidManifest.xml:132:9-142:20
204            android:name="androidx.work.impl.diagnostics.DiagnosticsReceiver"
204-->[androidx.work:work-runtime:2.9.1] AndroidManifest.xml:133:13-78
205            android:directBootAware="false"
205-->[androidx.work:work-runtime:2.9.1] AndroidManifest.xml:134:13-44
206            android:enabled="true"
206-->[androidx.work:work-runtime:2.9.1] AndroidManifest.xml:135:13-35
207            android:exported="true"
207-->[androidx.work:work-runtime:2.9.1] AndroidManifest.xml:136:13-36
208            android:permission="android.permission.DUMP" >
208-->[androidx.work:work-runtime:2.9.1] AndroidManifest.xml:137:13-57
209            <intent-filter>
209-->[androidx.work:work-runtime:2.9.1] AndroidManifest.xml:139:13-141:29
210                <action android:name="androidx.work.diagnostics.REQUEST_DIAGNOSTICS" />
210-->[androidx.work:work-runtime:2.9.1] AndroidManifest.xml:140:17-88
210-->[androidx.work:work-runtime:2.9.1] AndroidManifest.xml:140:25-85
211            </intent-filter>
212        </receiver>
213
214        <service
214-->[androidx.core:core-remoteviews:1.1.0] AndroidManifest.xml:24:9-27:63
215            android:name="androidx.core.widget.RemoteViewsCompatService"
215-->[androidx.core:core-remoteviews:1.1.0] AndroidManifest.xml:25:13-73
216            android:permission="android.permission.BIND_REMOTEVIEWS" />
216-->[androidx.core:core-remoteviews:1.1.0] AndroidManifest.xml:26:13-69
217
218        <activity
218-->[androidx.compose.ui:ui-test-manifest:1.7.5] AndroidManifest.xml:23:9-25:39
219            android:name="androidx.activity.ComponentActivity"
219-->[androidx.compose.ui:ui-test-manifest:1.7.5] AndroidManifest.xml:24:13-63
220            android:exported="true" />
220-->[androidx.compose.ui:ui-test-manifest:1.7.5] AndroidManifest.xml:25:13-36
221        <activity
221-->[androidx.compose.ui:ui-tooling-android:1.7.5] AndroidManifest.xml:23:9-25:39
222            android:name="androidx.compose.ui.tooling.PreviewActivity"
222-->[androidx.compose.ui:ui-tooling-android:1.7.5] AndroidManifest.xml:24:13-71
223            android:exported="true" />
223-->[androidx.compose.ui:ui-tooling-android:1.7.5] AndroidManifest.xml:25:13-36
224
225        <service
225-->[androidx.room:room-runtime:2.6.1] AndroidManifest.xml:24:9-28:63
226            android:name="androidx.room.MultiInstanceInvalidationService"
226-->[androidx.room:room-runtime:2.6.1] AndroidManifest.xml:25:13-74
227            android:directBootAware="true"
227-->[androidx.room:room-runtime:2.6.1] AndroidManifest.xml:26:13-43
228            android:exported="false" />
228-->[androidx.room:room-runtime:2.6.1] AndroidManifest.xml:27:13-37
229
230        <receiver
230-->[androidx.profileinstaller:profileinstaller:1.3.1] AndroidManifest.xml:34:9-52:20
231            android:name="androidx.profileinstaller.ProfileInstallReceiver"
231-->[androidx.profileinstaller:profileinstaller:1.3.1] AndroidManifest.xml:35:13-76
232            android:directBootAware="false"
232-->[androidx.profileinstaller:profileinstaller:1.3.1] AndroidManifest.xml:36:13-44
233            android:enabled="true"
233-->[androidx.profileinstaller:profileinstaller:1.3.1] AndroidManifest.xml:37:13-35
234            android:exported="true"
234-->[androidx.profileinstaller:profileinstaller:1.3.1] AndroidManifest.xml:38:13-36
235            android:permission="android.permission.DUMP" >
235-->[androidx.profileinstaller:profileinstaller:1.3.1] AndroidManifest.xml:39:13-57
236            <intent-filter>
236-->[androidx.profileinstaller:profileinstaller:1.3.1] AndroidManifest.xml:40:13-42:29
237                <action android:name="androidx.profileinstaller.action.INSTALL_PROFILE" />
237-->[androidx.profileinstaller:profileinstaller:1.3.1] AndroidManifest.xml:41:17-91
237-->[androidx.profileinstaller:profileinstaller:1.3.1] AndroidManifest.xml:41:25-88
238            </intent-filter>
239            <intent-filter>
239-->[androidx.profileinstaller:profileinstaller:1.3.1] AndroidManifest.xml:43:13-45:29
240                <action android:name="androidx.profileinstaller.action.SKIP_FILE" />
240-->[androidx.profileinstaller:profileinstaller:1.3.1] AndroidManifest.xml:44:17-85
240-->[androidx.profileinstaller:profileinstaller:1.3.1] AndroidManifest.xml:44:25-82
241            </intent-filter>
242            <intent-filter>
242-->[androidx.profileinstaller:profileinstaller:1.3.1] AndroidManifest.xml:46:13-48:29
243                <action android:name="androidx.profileinstaller.action.SAVE_PROFILE" />
243-->[androidx.profileinstaller:profileinstaller:1.3.1] AndroidManifest.xml:47:17-88
243-->[androidx.profileinstaller:profileinstaller:1.3.1] AndroidManifest.xml:47:25-85
244            </intent-filter>
245            <intent-filter>
245-->[androidx.profileinstaller:profileinstaller:1.3.1] AndroidManifest.xml:49:13-51:29
246                <action android:name="androidx.profileinstaller.action.BENCHMARK_OPERATION" />
246-->[androidx.profileinstaller:profileinstaller:1.3.1] AndroidManifest.xml:50:17-95
246-->[androidx.profileinstaller:profileinstaller:1.3.1] AndroidManifest.xml:50:25-92
247            </intent-filter>
248        </receiver>
249    </application>
250
251</manifest>